<?xml version="1.0" encoding="UTF-8"?>
<testng-results ignored="0" total="2" passed="2" failed="0" skipped="0">
  <reporter-output>
  </reporter-output>
  <suite started-at="2023-08-29T08:44:52 IST" name="Surefire suite" finished-at="2023-08-29T08:44:52 IST" duration-ms="91">
    <groups>
    </groups>
    <test started-at="2023-08-29T08:44:52 IST" name="Surefire test" finished-at="2023-08-29T08:44:52 IST" duration-ms="91">
      <class name="Branch.Demo1Test">
        <test-method signature="m1()[pri:0, instance:Branch.Demo1Test@16e7dcfd]" started-at="2023-08-29T08:44:52 IST" name="m1" finished-at="2023-08-29T08:44:52 IST" duration-ms="9" status="PASS">
          <reporter-output>
          </reporter-output>
        </test-method> <!-- m1 -->
      </class> <!-- Branch.Demo1Test -->
      <class name="Branch.Demo2Test">
        <test-method signature="m2()[pri:0, instance:Branch.Demo2Test@15b204a1]" started-at="2023-08-29T08:44:52 IST" name="m2" finished-at="2023-08-29T08:44:52 IST" duration-ms="1" status="PASS">
          <reporter-output>
          </reporter-output>
        </test-method> <!-- m2 -->
      </class> <!-- Branch.Demo2Test -->
    </test> <!-- Surefire test -->
  </suite> <!-- Surefire suite -->
</testng-results>
