<?xml version="1.0" encoding="UTF-8"?>
<testsuite xmlns:xsi="http://www.w3.org/2001/XMLSchema-instance" xsi:noNamespaceSchemaLocation="https://maven.apache.org/surefire/maven-surefire-plugin/xsd/surefire-test-report-3.0.xsd" version="3.0" name="TestSuite" time="1.759" tests="2" errors="0" skipped="0" failures="0">
  <properties>
[...]
</properties>
  <testcase name="m1" classname="Branch.Demo1Test" time="0.023">
    <system-out><![CDATA[m1() is working
]]></system-out>
  </testcase>
  <testcase name="m2" classname="Branch.Demo2Test" time="0.003">
    <system-out><![CDATA[m2() is working
]]></system-out>
  </testcase>
</testsuite>