<?xml version="1.0" encoding="UTF-8"?>
<testng-results ignored="0" total="1" passed="1" failed="0" skipped="0">
  <reporter-output>
  </reporter-output>
  <suite started-at="2023-08-30T07:42:03 IST" name="Default suite" finished-at="2023-08-30T07:42:03 IST" duration-ms="166">
    <groups>
    </groups>
    <test started-at="2023-08-30T07:42:03 IST" name="Default test" finished-at="2023-08-30T07:42:03 IST" duration-ms="166">
      <class name="Branch.Demo2Test">
        <test-method signature="m2()[pri:0, instance:Branch.Demo2Test@4c178a76]" started-at="2023-08-30T07:42:03 IST" name="m2" finished-at="2023-08-30T07:42:03 IST" duration-ms="21" status="PASS">
          <reporter-output>
          </reporter-output>
        </test-method> <!-- m2 -->
      </class> <!-- Branch.Demo2Test -->
    </test> <!-- Default test -->
  </suite> <!-- Default suite -->
</testng-results>
